<?xml version="1.0" encoding="UTF-8"?>
<!-- Generated by org.testng.reporters.JUnitXMLReporter -->
<testsuite ignored="5" hostname="DESKTOP-8IQA0EJ" failures="0" tests="1" name="Default test" time="5.951" errors="0" timestamp="2022-01-27T20:39:29 IST">
  <testcase classname="conduitAppTest.ArticleTests1" name="verifyAddEditDeleteArticleWhenPayloadIsPojo" time="4.657"/>
  <testcase classname="conduitAppTest.ArticleTests1" name="verifyEditArticleWhenPayloadIsPojo" time="0.0">
    <ignored/>
  </testcase> <!-- verifyEditArticleWhenPayloadIsPojo -->
  <testcase classname="conduitAppTest.ArticleTests1" name="verifyAddArticleWhenPayloadIsMap" time="0.0">
    <ignored/>
  </testcase> <!-- verifyAddArticleWhenPayloadIsMap -->
  <testcase classname="conduitAppTest.ArticleTests1" name="addArticles" time="0.0">
    <ignored/>
  </testcase> <!-- addArticles -->
  <testcase classname="conduitAppTest.ArticleTests1" name="verifyGetAllArticles" time="0.0">
    <ignored/>
  </testcase> <!-- verifyGetAllArticles -->
  <testcase classname="conduitAppTest.ArticleTests1" name="verifyGetArticle" time="0.0">
    <ignored/>
  </testcase> <!-- verifyGetArticle -->
</testsuite> <!-- Default test -->
