<?xml version="1.0" encoding="UTF-8"?>
<testng-results ignored="5" total="6" passed="1" failed="0" skipped="0">
  <reporter-output>
  </reporter-output>
  <suite started-at="2022-01-27T20:39:23 IST" name="Default suite" finished-at="2022-01-27T20:39:29 IST" duration-ms="5951">
    <groups>
    </groups>
    <test started-at="2022-01-27T20:39:23 IST" name="Default test" finished-at="2022-01-27T20:39:29 IST" duration-ms="5951">
      <class name="conduitAppTest.ArticleTests1">
        <test-method is-config="true" signature="setup()[pri:0, instance:conduitAppTest.ArticleTests1@57d7f8ca]" started-at="2022-01-27T20:39:23 IST" name="setup" finished-at="2022-01-27T20:39:24 IST" duration-ms="1202" status="PASS">
          <reporter-output>
          </reporter-output>
        </test-method> <!-- setup -->
        <test-method signature="verifyAddEditDeleteArticleWhenPayloadIsPojo()[pri:0, instance:conduitAppTest.ArticleTests1@57d7f8ca]" started-at="2022-01-27T20:39:24 IST" name="verifyAddEditDeleteArticleWhenPayloadIsPojo" finished-at="2022-01-27T20:39:29 IST" duration-ms="4657" status="PASS">
          <reporter-output>
          </reporter-output>
        </test-method> <!-- verifyAddEditDeleteArticleWhenPayloadIsPojo -->
      </class> <!-- conduitAppTest.ArticleTests1 -->
    </test> <!-- Default test -->
  </suite> <!-- Default suite -->
</testng-results>
